<?xml version="1.0" encoding="UTF-8"?>
<testng-results ignored="0" total="1" passed="1" failed="0" skipped="0">
  <reporter-output>
  </reporter-output>
  <suite started-at="2019-03-24T05:50:11Z" name="Suite" finished-at="2019-03-24T05:50:11Z" duration-ms="55">
    <groups>
    </groups>
    <test started-at="2019-03-24T05:50:11Z" name="Test" finished-at="2019-03-24T05:50:11Z" duration-ms="55">
      <class name="com.Package1.Trail">
        <test-method is-config="true" signature="Test()[pri:0, instance:com.Package1.Trail@441772e]" started-at="2019-03-24T05:50:11Z" name="Test" finished-at="2019-03-24T05:50:11Z" duration-ms="16" status="PASS">
          <reporter-output>
          </reporter-output>
        </test-method> <!-- Test -->
        <test-method signature="loginTest()[pri:0, instance:com.Package1.Trail@441772e]" started-at="2019-03-24T05:50:11Z" name="loginTest" finished-at="2019-03-24T05:50:11Z" duration-ms="2" status="PASS">
          <reporter-output>
          </reporter-output>
        </test-method> <!-- loginTest -->
      </class> <!-- com.Package1.Trail -->
    </test> <!-- Test -->
  </suite> <!-- Suite -->
</testng-results>
